<?xml version="1.0" encoding="UTF-8"?>
<testsuite name="ippo.assignment1.proxy.CacheProxyTest" tests="1" skipped="0" failures="0" errors="0" timestamp="2020-10-21T18:03:15" hostname="DESKTOP-D2R9I8M" time="0.002">
  <properties/>
  <testcase name="equalityTest" classname="ippo.assignment1.proxy.CacheProxyTest" time="0.002"/>
  <system-out><![CDATA[]]></system-out>
  <system-err><![CDATA[]]></system-err>
</testsuite>
